d:\my stuff\studying\gamedev\gamedev\c-game-homework(working directory)\gamedevelopmentc-cource\mygame\spacegame\release\vc120.pdb
d:\my stuff\studying\gamedev\gamedev\c-game-homework(working directory)\gamedevelopmentc-cource\mygame\spacegame\release\cindielib.obj
d:\my stuff\studying\gamedev\gamedev\c-game-homework(working directory)\gamedevelopmentc-cource\mygame\spacegame\release\staticresources.obj
d:\my stuff\studying\gamedev\gamedev\c-game-homework(working directory)\gamedevelopmentc-cource\mygame\spacegame\release\staticgameentity.obj
d:\my stuff\studying\gamedev\gamedev\c-game-homework(working directory)\gamedevelopmentc-cource\mygame\spacegame\release\ship.obj
d:\my stuff\studying\gamedev\gamedev\c-game-homework(working directory)\gamedevelopmentc-cource\mygame\spacegame\release\planet.obj
d:\my stuff\studying\gamedev\gamedev\c-game-homework(working directory)\gamedevelopmentc-cource\mygame\spacegame\release\main.obj
d:\my stuff\studying\gamedev\gamedev\c-game-homework(working directory)\gamedevelopmentc-cource\mygame\spacegame\release\gameentity.obj
d:\my stuff\studying\gamedev\gamedev\c-game-homework(working directory)\gamedevelopmentc-cource\mygame\spacegame\release\space.obj
d:\my stuff\studying\gamedev\gamedev\c-game-homework(working directory)\gamedevelopmentc-cource\mygame\spacegame\release\settings.obj
d:\my stuff\studying\gamedev\gamedev\c-game-homework(working directory)\gamedevelopmentc-cource\mygame\spacegame\release\region.obj
d:\my stuff\studying\gamedev\gamedev\c-game-homework(working directory)\gamedevelopmentc-cource\mygame\spacegame\release\position2d.obj
d:\my stuff\studying\gamedev\gamedev\c-game-homework(working directory)\gamedevelopmentc-cource\mygame\spacegame\release\position3d.obj
d:\my stuff\studying\gamedev\gamedev\c-game-homework(working directory)\gamedevelopmentc-cource\mygame\spacegame\release\animatedgameentity.obj
d:\my stuff\studying\gamedev\gamedev\c-game-homework(working directory)\gamedevelopmentc-cource\mygame\release\spacegame.exe
d:\my stuff\studying\gamedev\gamedev\c-game-homework(working directory)\gamedevelopmentc-cource\mygame\release\spacegame.pdb
d:\my stuff\studying\gamedev\gamedev\c-game-homework(working directory)\gamedevelopmentc-cource\mygame\spacegame\release\audioplayer.obj
d:\my stuff\studying\gamedev\gamedev\c-game-homework(working directory)\gamedevelopmentc-cource\mygame\spacegame\release\spacegame.tlog\cl.command.1.tlog
d:\my stuff\studying\gamedev\gamedev\c-game-homework(working directory)\gamedevelopmentc-cource\mygame\spacegame\release\spacegame.tlog\cl.read.1.tlog
d:\my stuff\studying\gamedev\gamedev\c-game-homework(working directory)\gamedevelopmentc-cource\mygame\spacegame\release\spacegame.tlog\cl.write.1.tlog
d:\my stuff\studying\gamedev\gamedev\c-game-homework(working directory)\gamedevelopmentc-cource\mygame\spacegame\release\spacegame.tlog\link.command.1.tlog
d:\my stuff\studying\gamedev\gamedev\c-game-homework(working directory)\gamedevelopmentc-cource\mygame\spacegame\release\spacegame.tlog\link.read.1.tlog
d:\my stuff\studying\gamedev\gamedev\c-game-homework(working directory)\gamedevelopmentc-cource\mygame\spacegame\release\spacegame.tlog\link.write.1.tlog
